<?xml version="1.0" encoding="UTF-8"?>
<testsuite xmlns:xsi="http://www.w3.org/2001/XMLSchema-instance" xsi:noNamespaceSchemaLocation="https://maven.apache.org/surefire/maven-surefire-plugin/xsd/surefire-test-report.xsd" name="vn.emicode.wiki.AppTest" time="0.065" tests="1" errors="0" skipped="0" failures="0">
  <properties>
    <property name="java.specification.version" value="13"/>
    <property name="sun.cpu.isalist" value="amd64"/>
    <property name="sun.jnu.encoding" value="Cp1252"/>
    <property name="java.class.path" value="D:\java\wiki\target\test-classes;D:\java\wiki\target\classes;C:\Users\T450s\.m2\repository\junit\junit\4.11\junit-4.11.jar;C:\Users\T450s\.m2\repository\org\hamcrest\hamcrest-core\1.3\hamcrest-core-1.3.jar;C:\Users\T450s\.m2\repository\info\bliki\wiki\bliki-core\3.1.0\bliki-core-3.1.0.jar;C:\Users\T450s\.m2\repository\org\apache\httpcomponents\httpclient\4.3.6\httpclient-4.3.6.jar;C:\Users\T450s\.m2\repository\org\apache\httpcomponents\httpcore\4.3.3\httpcore-4.3.3.jar;C:\Users\T450s\.m2\repository\commons-logging\commons-logging\1.1.3\commons-logging-1.1.3.jar;C:\Users\T450s\.m2\repository\commons-codec\commons-codec\1.6\commons-codec-1.6.jar;C:\Users\T450s\.m2\repository\org\apache\commons\commons-compress\1.8.1\commons-compress-1.8.1.jar;C:\Users\T450s\.m2\repository\org\apache\commons\commons-lang3\3.4\commons-lang3-3.4.jar;C:\Users\T450s\.m2\repository\org\luaj\luaj-jse\3.0.1\luaj-jse-3.0.1.jar;C:\Users\T450s\.m2\repository\ch\qos\logback\logback-classic\1.1.6\logback-classic-1.1.6.jar;C:\Users\T450s\.m2\repository\ch\qos\logback\logback-core\1.1.6\logback-core-1.1.6.jar;C:\Users\T450s\.m2\repository\net\sourceforge\owlapi\owlapi-rio\5.1.16\owlapi-rio-5.1.16.jar;C:\Users\T450s\.m2\repository\net\sourceforge\owlapi\owlapi-parsers\5.1.16\owlapi-parsers-5.1.16.jar;C:\Users\T450s\.m2\repository\net\sourceforge\owlapi\owlapi-api\5.1.16\owlapi-api-5.1.16.jar;C:\Users\T450s\.m2\repository\org\tukaani\xz\1.6\xz-1.6.jar;C:\Users\T450s\.m2\repository\org\apache\commons\commons-rdf-api\0.5.0\commons-rdf-api-0.5.0.jar;C:\Users\T450s\.m2\repository\javax\inject\javax.inject\1\javax.inject-1.jar;C:\Users\T450s\.m2\repository\org\eclipse\rdf4j\rdf4j-model\2.4.2\rdf4j-model-2.4.2.jar;C:\Users\T450s\.m2\repository\org\eclipse\rdf4j\rdf4j-util\2.4.2\rdf4j-util-2.4.2.jar;C:\Users\T450s\.m2\repository\org\eclipse\rdf4j\rdf4j-rio-api\2.4.2\rdf4j-rio-api-2.4.2.jar;C:\Users\T450s\.m2\repository\org\eclipse\rdf4j\rdf4j-rio-languages\2.4.2\rdf4j-rio-languages-2.4.2.jar;C:\Users\T450s\.m2\repository\org\eclipse\rdf4j\rdf4j-rio-datatypes\2.4.2\rdf4j-rio-datatypes-2.4.2.jar;C:\Users\T450s\.m2\repository\org\eclipse\rdf4j\rdf4j-rio-binary\2.4.2\rdf4j-rio-binary-2.4.2.jar;C:\Users\T450s\.m2\repository\org\eclipse\rdf4j\rdf4j-rio-n3\2.4.2\rdf4j-rio-n3-2.4.2.jar;C:\Users\T450s\.m2\repository\org\eclipse\rdf4j\rdf4j-rio-nquads\2.4.2\rdf4j-rio-nquads-2.4.2.jar;C:\Users\T450s\.m2\repository\org\eclipse\rdf4j\rdf4j-rio-ntriples\2.4.2\rdf4j-rio-ntriples-2.4.2.jar;C:\Users\T450s\.m2\repository\org\eclipse\rdf4j\rdf4j-rio-rdfjson\2.4.2\rdf4j-rio-rdfjson-2.4.2.jar;C:\Users\T450s\.m2\repository\com\fasterxml\jackson\core\jackson-core\2.9.6\jackson-core-2.9.6.jar;C:\Users\T450s\.m2\repository\org\eclipse\rdf4j\rdf4j-rio-rdfxml\2.4.2\rdf4j-rio-rdfxml-2.4.2.jar;C:\Users\T450s\.m2\repository\org\eclipse\rdf4j\rdf4j-rio-trix\2.4.2\rdf4j-rio-trix-2.4.2.jar;C:\Users\T450s\.m2\repository\org\eclipse\rdf4j\rdf4j-rio-turtle\2.4.2\rdf4j-rio-turtle-2.4.2.jar;C:\Users\T450s\.m2\repository\org\eclipse\rdf4j\rdf4j-rio-trig\2.4.2\rdf4j-rio-trig-2.4.2.jar;C:\Users\T450s\.m2\repository\org\eclipse\rdf4j\rdf4j-rio-jsonld\2.4.2\rdf4j-rio-jsonld-2.4.2.jar;C:\Users\T450s\.m2\repository\org\apache\httpcomponents\httpclient-cache\4.5.5\httpclient-cache-4.5.5.jar;C:\Users\T450s\.m2\repository\com\github\jsonld-java\jsonld-java\0.12.0\jsonld-java-0.12.0.jar;C:\Users\T450s\.m2\repository\com\fasterxml\jackson\core\jackson-databind\2.9.5\jackson-databind-2.9.5.jar;C:\Users\T450s\.m2\repository\com\fasterxml\jackson\core\jackson-annotations\2.9.0\jackson-annotations-2.9.0.jar;C:\Users\T450s\.m2\repository\org\apache\httpcomponents\httpclient-osgi\4.5.5\httpclient-osgi-4.5.5.jar;C:\Users\T450s\.m2\repository\org\apache\httpcomponents\httpmime\4.5.5\httpmime-4.5.5.jar;C:\Users\T450s\.m2\repository\org\apache\httpcomponents\fluent-hc\4.5.5\fluent-hc-4.5.5.jar;C:\Users\T450s\.m2\repository\org\apache\httpcomponents\httpcore-osgi\4.4.9\httpcore-osgi-4.4.9.jar;C:\Users\T450s\.m2\repository\org\apache\httpcomponents\httpcore-nio\4.4.9\httpcore-nio-4.4.9.jar;C:\Users\T450s\.m2\repository\org\slf4j\jcl-over-slf4j\1.7.25\jcl-over-slf4j-1.7.25.jar;C:\Users\T450s\.m2\repository\com\github\vsonnier\hppcrt\0.7.5\hppcrt-0.7.5.jar;C:\Users\T450s\.m2\repository\com\github\ben-manes\caffeine\caffeine\2.6.1\caffeine-2.6.1.jar;C:\Users\T450s\.m2\repository\com\google\guava\guava\22.0\guava-22.0.jar;C:\Users\T450s\.m2\repository\com\google\errorprone\error_prone_annotations\2.0.18\error_prone_annotations-2.0.18.jar;C:\Users\T450s\.m2\repository\com\google\j2objc\j2objc-annotations\1.1\j2objc-annotations-1.1.jar;C:\Users\T450s\.m2\repository\org\codehaus\mojo\animal-sniffer-annotations\1.14\animal-sniffer-annotations-1.14.jar;C:\Users\T450s\.m2\repository\com\google\code\findbugs\jsr305\3.0.2\jsr305-3.0.2.jar;C:\Users\T450s\.m2\repository\org\slf4j\slf4j-api\1.7.25\slf4j-api-1.7.25.jar;C:\Users\T450s\.m2\repository\commons-io\commons-io\2.5\commons-io-2.5.jar;"/>
    <property name="java.vm.vendor" value="Oracle Corporation"/>
    <property name="sun.arch.data.model" value="64"/>
    <property name="user.variant" value=""/>
    <property name="java.vendor.url" value="https://java.oracle.com/"/>
    <property name="user.timezone" value="Asia/Bangkok"/>
    <property name="os.name" value="Windows 10"/>
    <property name="java.vm.specification.version" value="13"/>
    <property name="sun.java.launcher" value="SUN_STANDARD"/>
    <property name="user.country" value="US"/>
    <property name="sun.boot.library.path" value="C:\Program Files\Java\jdk-13.0.2\bin"/>
    <property name="sun.java.command" value="C:\Users\T450s\AppData\Local\Temp\surefire3423520646211925603\surefirebooter7542295590312714807.jar C:\Users\T450s\AppData\Local\Temp\surefire3423520646211925603 2020-10-28T15-56-04_490-jvmRun1 surefire14280785533955935695tmp surefire_014471447320790127041tmp"/>
    <property name="jdk.debug" value="release"/>
    <property name="surefire.test.class.path" value="D:\java\wiki\target\test-classes;D:\java\wiki\target\classes;C:\Users\T450s\.m2\repository\junit\junit\4.11\junit-4.11.jar;C:\Users\T450s\.m2\repository\org\hamcrest\hamcrest-core\1.3\hamcrest-core-1.3.jar;C:\Users\T450s\.m2\repository\info\bliki\wiki\bliki-core\3.1.0\bliki-core-3.1.0.jar;C:\Users\T450s\.m2\repository\org\apache\httpcomponents\httpclient\4.3.6\httpclient-4.3.6.jar;C:\Users\T450s\.m2\repository\org\apache\httpcomponents\httpcore\4.3.3\httpcore-4.3.3.jar;C:\Users\T450s\.m2\repository\commons-logging\commons-logging\1.1.3\commons-logging-1.1.3.jar;C:\Users\T450s\.m2\repository\commons-codec\commons-codec\1.6\commons-codec-1.6.jar;C:\Users\T450s\.m2\repository\org\apache\commons\commons-compress\1.8.1\commons-compress-1.8.1.jar;C:\Users\T450s\.m2\repository\org\apache\commons\commons-lang3\3.4\commons-lang3-3.4.jar;C:\Users\T450s\.m2\repository\org\luaj\luaj-jse\3.0.1\luaj-jse-3.0.1.jar;C:\Users\T450s\.m2\repository\ch\qos\logback\logback-classic\1.1.6\logback-classic-1.1.6.jar;C:\Users\T450s\.m2\repository\ch\qos\logback\logback-core\1.1.6\logback-core-1.1.6.jar;C:\Users\T450s\.m2\repository\net\sourceforge\owlapi\owlapi-rio\5.1.16\owlapi-rio-5.1.16.jar;C:\Users\T450s\.m2\repository\net\sourceforge\owlapi\owlapi-parsers\5.1.16\owlapi-parsers-5.1.16.jar;C:\Users\T450s\.m2\repository\net\sourceforge\owlapi\owlapi-api\5.1.16\owlapi-api-5.1.16.jar;C:\Users\T450s\.m2\repository\org\tukaani\xz\1.6\xz-1.6.jar;C:\Users\T450s\.m2\repository\org\apache\commons\commons-rdf-api\0.5.0\commons-rdf-api-0.5.0.jar;C:\Users\T450s\.m2\repository\javax\inject\javax.inject\1\javax.inject-1.jar;C:\Users\T450s\.m2\repository\org\eclipse\rdf4j\rdf4j-model\2.4.2\rdf4j-model-2.4.2.jar;C:\Users\T450s\.m2\repository\org\eclipse\rdf4j\rdf4j-util\2.4.2\rdf4j-util-2.4.2.jar;C:\Users\T450s\.m2\repository\org\eclipse\rdf4j\rdf4j-rio-api\2.4.2\rdf4j-rio-api-2.4.2.jar;C:\Users\T450s\.m2\repository\org\eclipse\rdf4j\rdf4j-rio-languages\2.4.2\rdf4j-rio-languages-2.4.2.jar;C:\Users\T450s\.m2\repository\org\eclipse\rdf4j\rdf4j-rio-datatypes\2.4.2\rdf4j-rio-datatypes-2.4.2.jar;C:\Users\T450s\.m2\repository\org\eclipse\rdf4j\rdf4j-rio-binary\2.4.2\rdf4j-rio-binary-2.4.2.jar;C:\Users\T450s\.m2\repository\org\eclipse\rdf4j\rdf4j-rio-n3\2.4.2\rdf4j-rio-n3-2.4.2.jar;C:\Users\T450s\.m2\repository\org\eclipse\rdf4j\rdf4j-rio-nquads\2.4.2\rdf4j-rio-nquads-2.4.2.jar;C:\Users\T450s\.m2\repository\org\eclipse\rdf4j\rdf4j-rio-ntriples\2.4.2\rdf4j-rio-ntriples-2.4.2.jar;C:\Users\T450s\.m2\repository\org\eclipse\rdf4j\rdf4j-rio-rdfjson\2.4.2\rdf4j-rio-rdfjson-2.4.2.jar;C:\Users\T450s\.m2\repository\com\fasterxml\jackson\core\jackson-core\2.9.6\jackson-core-2.9.6.jar;C:\Users\T450s\.m2\repository\org\eclipse\rdf4j\rdf4j-rio-rdfxml\2.4.2\rdf4j-rio-rdfxml-2.4.2.jar;C:\Users\T450s\.m2\repository\org\eclipse\rdf4j\rdf4j-rio-trix\2.4.2\rdf4j-rio-trix-2.4.2.jar;C:\Users\T450s\.m2\repository\org\eclipse\rdf4j\rdf4j-rio-turtle\2.4.2\rdf4j-rio-turtle-2.4.2.jar;C:\Users\T450s\.m2\repository\org\eclipse\rdf4j\rdf4j-rio-trig\2.4.2\rdf4j-rio-trig-2.4.2.jar;C:\Users\T450s\.m2\repository\org\eclipse\rdf4j\rdf4j-rio-jsonld\2.4.2\rdf4j-rio-jsonld-2.4.2.jar;C:\Users\T450s\.m2\repository\org\apache\httpcomponents\httpclient-cache\4.5.5\httpclient-cache-4.5.5.jar;C:\Users\T450s\.m2\repository\com\github\jsonld-java\jsonld-java\0.12.0\jsonld-java-0.12.0.jar;C:\Users\T450s\.m2\repository\com\fasterxml\jackson\core\jackson-databind\2.9.5\jackson-databind-2.9.5.jar;C:\Users\T450s\.m2\repository\com\fasterxml\jackson\core\jackson-annotations\2.9.0\jackson-annotations-2.9.0.jar;C:\Users\T450s\.m2\repository\org\apache\httpcomponents\httpclient-osgi\4.5.5\httpclient-osgi-4.5.5.jar;C:\Users\T450s\.m2\repository\org\apache\httpcomponents\httpmime\4.5.5\httpmime-4.5.5.jar;C:\Users\T450s\.m2\repository\org\apache\httpcomponents\fluent-hc\4.5.5\fluent-hc-4.5.5.jar;C:\Users\T450s\.m2\repository\org\apache\httpcomponents\httpcore-osgi\4.4.9\httpcore-osgi-4.4.9.jar;C:\Users\T450s\.m2\repository\org\apache\httpcomponents\httpcore-nio\4.4.9\httpcore-nio-4.4.9.jar;C:\Users\T450s\.m2\repository\org\slf4j\jcl-over-slf4j\1.7.25\jcl-over-slf4j-1.7.25.jar;C:\Users\T450s\.m2\repository\com\github\vsonnier\hppcrt\0.7.5\hppcrt-0.7.5.jar;C:\Users\T450s\.m2\repository\com\github\ben-manes\caffeine\caffeine\2.6.1\caffeine-2.6.1.jar;C:\Users\T450s\.m2\repository\com\google\guava\guava\22.0\guava-22.0.jar;C:\Users\T450s\.m2\repository\com\google\errorprone\error_prone_annotations\2.0.18\error_prone_annotations-2.0.18.jar;C:\Users\T450s\.m2\repository\com\google\j2objc\j2objc-annotations\1.1\j2objc-annotations-1.1.jar;C:\Users\T450s\.m2\repository\org\codehaus\mojo\animal-sniffer-annotations\1.14\animal-sniffer-annotations-1.14.jar;C:\Users\T450s\.m2\repository\com\google\code\findbugs\jsr305\3.0.2\jsr305-3.0.2.jar;C:\Users\T450s\.m2\repository\org\slf4j\slf4j-api\1.7.25\slf4j-api-1.7.25.jar;C:\Users\T450s\.m2\repository\commons-io\commons-io\2.5\commons-io-2.5.jar;"/>
    <property name="sun.cpu.endian" value="little"/>
    <property name="user.home" value="C:\Users\T450s"/>
    <property name="user.language" value="en"/>
    <property name="java.specification.vendor" value="Oracle Corporation"/>
    <property name="java.version.date" value="2020-01-14"/>
    <property name="java.home" value="C:\Program Files\Java\jdk-13.0.2"/>
    <property name="file.separator" value="\"/>
    <property name="basedir" value="D:\java\wiki"/>
    <property name="java.vm.compressedOopsMode" value="32-bit"/>
    <property name="line.separator" value="&#10;"/>
    <property name="java.vm.specification.vendor" value="Oracle Corporation"/>
    <property name="java.specification.name" value="Java Platform API Specification"/>
    <property name="surefire.real.class.path" value="C:\Users\T450s\AppData\Local\Temp\surefire3423520646211925603\surefirebooter7542295590312714807.jar"/>
    <property name="user.script" value=""/>
    <property name="sun.management.compiler" value="HotSpot 64-Bit Tiered Compilers"/>
    <property name="java.runtime.version" value="13.0.2+8"/>
    <property name="user.name" value="T450s"/>
    <property name="path.separator" value=";"/>
    <property name="os.version" value="10.0"/>
    <property name="java.runtime.name" value="Java(TM) SE Runtime Environment"/>
    <property name="file.encoding" value="Cp1252"/>
    <property name="java.vm.name" value="Java HotSpot(TM) 64-Bit Server VM"/>
    <property name="localRepository" value="C:\Users\T450s\.m2\repository"/>
    <property name="java.vendor.url.bug" value="https://bugreport.java.com/bugreport/"/>
    <property name="java.io.tmpdir" value="C:\Users\T450s\AppData\Local\Temp\"/>
    <property name="java.version" value="13.0.2"/>
    <property name="user.dir" value="D:\java\wiki"/>
    <property name="os.arch" value="amd64"/>
    <property name="java.vm.specification.name" value="Java Virtual Machine Specification"/>
    <property name="sun.os.patch.level" value=""/>
    <property name="java.library.path" value="C:\Program Files\Java\jdk-13.0.2\bin;C:\Windows\Sun\Java\bin;C:\Windows\system32;C:\Windows;C:/Program Files/Java/jdk-13.0.2/bin/server;C:/Program Files/Java/jdk-13.0.2/bin;C:\Program Files (x86)\Intel\iCLS Client\;C:\Program Files\Intel\iCLS Client\;C:\Windows\system32;C:\Windows;C:\Windows\System32\Wbem;C:\Windows\System32\WindowsPowerShell\v1.0\;C:\Windows\System32\OpenSSH\;C:\Program Files (x86)\Intel\Intel(R) Management Engine Components\DAL;C:\Program Files\Intel\Intel(R) Management Engine Components\DAL;C:\Program Files (x86)\Intel\Intel(R) Management Engine Components\IPT;C:\Program Files\Intel\Intel(R) Management Engine Components\IPT;C:\Program Files\Intel\WiFi\bin\;C:\Program Files\Common Files\Intel\WirelessCommon\;C:\Program Files\Docker\Docker\resources\bin;C:\ProgramData\DockerDesktop\version-bin;C:\Program Files\Git\cmd;C:\Program Files\dotnet\;C:\Program Files\Microsoft SQL Server\130\Tools\Binn\;C:\Program Files\Microsoft SQL Server\Client SDK\ODBC\170\Tools\Binn\;C:\Program Files (x86)\Microsoft SQL Server\150\Tools\Binn\;C:\Program Files\Microsoft SQL Server\150\Tools\Binn\;C:\Program Files\Microsoft SQL Server\150\DTS\Binn\;C:\Program Files (x86)\Microsoft SQL Server\150\DTS\Binn\;C:\Program Files\nodejs\;C:\Program Files\Java\jdk-13.0.2\bin;C:\ProgramData\ComposerSetup\bin;C:\Users\T450s\AppData\Local\Programs\Python\Python37\Scripts\;C:\Users\T450s\AppData\Local\Programs\Python\Python37\;C:\Users\T450s\AppData\Local\Microsoft\WindowsApps;C:\Program Files\Intel\WiFi\bin\;C:\Program Files\Common Files\Intel\WirelessCommon\;C:\Users\T450s\AppData\Local\Programs\Microsoft VS Code\bin;C:\Users\T450s\.dotnet\tools;C:\Users\T450s\AppData\Roaming\npm;C:\Program Files\MongoDB\Server\4.4\bin;D:\xampp\php;D:\xampp\mysql\bin;C:\Users\T450s\AppData\Roaming\Composer\vendor\bin;C:\Windows\System32;;."/>
    <property name="java.vm.info" value="mixed mode, sharing"/>
    <property name="java.vendor" value="Oracle Corporation"/>
    <property name="java.vm.version" value="13.0.2+8"/>
    <property name="sun.io.unicode.encoding" value="UnicodeLittle"/>
    <property name="java.class.version" value="57.0"/>
  </properties>
  <testcase name="shouldAnswerWithTrue" classname="vn.emicode.wiki.AppTest" time="0.003"/>
</testsuite>